2025-03-08 07:10:35,884 [Worker-6: Loading available Gradle versions] INFO  o.e.b.c.i.u.g.PublishedGradleVersions - Gradle version information cache is up-to-date. Trying to read.
2025-03-15 07:21:38,946 [Worker-6: Loading available Gradle versions] INFO  o.e.b.c.i.u.g.PublishedGradleVersions - Gradle version information cache is up-to-date. Trying to read.
2025-03-15 08:38:49,878 [Worker-55: Enabling Maven Dependency Management] INFO  o.e.m.c.i.l.LifecycleMappingFactory - Using org.eclipse.m2e.jdt.JarLifecycleMapping lifecycle mapping for MavenProject: Bai3_Buoi3:Bai3_Buoi3:0.0.1-SNAPSHOT @ D:\21024081_NguyenThanhDinh_TH_KTPM\TH_KTPM_BUOI2\Bai3_Buoi3\pom.xml.
2025-03-15 08:38:51,658 [Worker-64: Building] WARN  o.a.m.s.f.DefaultMavenResourcesFiltering - Using platform encoding (Cp1258 actually) to copy filtered resources, i.e. build is platform dependent!
2025-03-15 08:38:51,662 [Worker-64: Building] INFO  o.a.m.s.f.DefaultMavenResourcesFiltering - skip non existing resourceDirectory D:\21024081_NguyenThanhDinh_TH_KTPM\TH_KTPM_BUOI2\Bai3_Buoi3\src\main\resources
2025-03-15 08:38:51,668 [Worker-64: Building] WARN  o.a.m.s.f.DefaultMavenResourcesFiltering - Using platform encoding (Cp1258 actually) to copy filtered resources, i.e. build is platform dependent!
2025-03-15 08:38:51,670 [Worker-64: Building] INFO  o.a.m.s.f.DefaultMavenResourcesFiltering - skip non existing resourceDirectory D:\21024081_NguyenThanhDinh_TH_KTPM\TH_KTPM_BUOI2\Bai3_Buoi3\src\test\resources
2025-03-15 08:38:52,166 [Worker-55: Enabling Maven Dependency Management] INFO  o.e.m.j.i.AbstractJavaProjectConfigurator - Adding source folder /Bai3_Buoi3/src
2025-03-15 08:38:52,168 [Worker-55: Enabling Maven Dependency Management] INFO  o.e.m.j.i.AbstractJavaProjectConfigurator - Resources folder /Bai3_Buoi3/src/main/resources overlaps with sources folder /Bai3_Buoi3/src
2025-03-15 08:38:52,169 [Worker-55: Enabling Maven Dependency Management] INFO  o.e.m.j.i.AbstractJavaProjectConfigurator - Not adding source folder /Bai3_Buoi3/src/test/java because it overlaps with /Bai3_Buoi3/src
2025-03-15 08:38:52,170 [Worker-55: Enabling Maven Dependency Management] INFO  o.e.m.j.i.AbstractJavaProjectConfigurator - Resources folder /Bai3_Buoi3/src/test/resources overlaps with sources folder /Bai3_Buoi3/src
2025-03-15 08:38:52,339 [Worker-55: Enabling Maven Dependency Management] INFO  o.e.m.c.i.p.ProjectConfigurationManager - Update started
2025-03-15 08:38:52,995 [Worker-55: Enabling Maven Dependency Management] INFO  o.e.m.c.i.l.LifecycleMappingFactory - Using org.eclipse.m2e.jdt.JarLifecycleMapping lifecycle mapping for MavenProject: Bai3_Buoi3:Bai3_Buoi3:0.0.1-SNAPSHOT @ D:\21024081_NguyenThanhDinh_TH_KTPM\TH_KTPM_BUOI2\Bai3_Buoi3\pom.xml.
2025-03-15 08:38:53,272 [Worker-64: Building] WARN  o.a.m.s.f.DefaultMavenResourcesFiltering - Using platform encoding (Cp1258 actually) to copy filtered resources, i.e. build is platform dependent!
2025-03-15 08:38:53,273 [Worker-64: Building] INFO  o.a.m.s.f.DefaultMavenResourcesFiltering - skip non existing resourceDirectory D:\21024081_NguyenThanhDinh_TH_KTPM\TH_KTPM_BUOI2\Bai3_Buoi3\src\main\resources
2025-03-15 08:38:53,278 [Worker-64: Building] WARN  o.a.m.s.f.DefaultMavenResourcesFiltering - Using platform encoding (Cp1258 actually) to copy filtered resources, i.e. build is platform dependent!
2025-03-15 08:38:53,279 [Worker-64: Building] INFO  o.a.m.s.f.DefaultMavenResourcesFiltering - skip non existing resourceDirectory D:\21024081_NguyenThanhDinh_TH_KTPM\TH_KTPM_BUOI2\Bai3_Buoi3\src\test\resources
2025-03-15 08:38:53,647 [Worker-55: Enabling Maven Dependency Management] INFO  o.e.m.j.i.AbstractJavaProjectConfigurator - Adding source folder /Bai3_Buoi3/src
2025-03-15 08:38:53,649 [Worker-55: Enabling Maven Dependency Management] INFO  o.e.m.j.i.AbstractJavaProjectConfigurator - Resources folder /Bai3_Buoi3/src/main/resources overlaps with sources folder /Bai3_Buoi3/src
2025-03-15 08:38:53,649 [Worker-55: Enabling Maven Dependency Management] INFO  o.e.m.j.i.AbstractJavaProjectConfigurator - Not adding source folder /Bai3_Buoi3/src/test/java because it overlaps with /Bai3_Buoi3/src
2025-03-15 08:38:53,650 [Worker-55: Enabling Maven Dependency Management] INFO  o.e.m.j.i.AbstractJavaProjectConfigurator - Resources folder /Bai3_Buoi3/src/test/resources overlaps with sources folder /Bai3_Buoi3/src
2025-03-15 08:38:53,717 [Worker-55: Enabling Maven Dependency Management] INFO  o.e.m.c.i.p.ProjectConfigurationManager - Update completed for 1 poms: local refresh takes 0.00 sec, refresh facades takes 0.00 sec, update config takes 0.00 sec 
2025-03-15 08:38:54,668 [Worker-56: Building] WARN  o.a.m.s.f.DefaultMavenResourcesFiltering - Using platform encoding (Cp1258 actually) to copy filtered resources, i.e. build is platform dependent!
2025-03-15 08:38:54,668 [Worker-56: Building] INFO  o.a.m.s.f.DefaultMavenResourcesFiltering - skip non existing resourceDirectory D:\21024081_NguyenThanhDinh_TH_KTPM\TH_KTPM_BUOI2\Bai3_Buoi3\src\main\resources
2025-03-15 08:38:54,671 [Worker-56: Building] WARN  o.a.m.s.f.DefaultMavenResourcesFiltering - Using platform encoding (Cp1258 actually) to copy filtered resources, i.e. build is platform dependent!
2025-03-15 08:38:54,672 [Worker-56: Building] INFO  o.a.m.s.f.DefaultMavenResourcesFiltering - skip non existing resourceDirectory D:\21024081_NguyenThanhDinh_TH_KTPM\TH_KTPM_BUOI2\Bai3_Buoi3\src\test\resources
2025-03-15 08:39:55,091 [Worker-54: Building] INFO  o.e.m.c.i.l.LifecycleMappingFactory - Using org.eclipse.m2e.jdt.JarLifecycleMapping lifecycle mapping for MavenProject: Bai3_Buoi3:Bai3_Buoi3:0.0.1-SNAPSHOT @ D:\21024081_NguyenThanhDinh_TH_KTPM\TH_KTPM_BUOI2\Bai3_Buoi3\pom.xml.
2025-03-15 08:39:56,229 [Worker-54: Building] INFO  o.e.m.c.i.e.AbstractTransferListenerAdapter - Downloading https://repo.maven.apache.org/maven2/org/json/json/20210307/json-20210307.pom
2025-03-15 08:39:56,293 [Worker-54: Building] INFO  o.e.m.c.i.e.AbstractTransferListenerAdapter - Downloaded https://repo.maven.apache.org/maven2/org/json/json/20210307/json-20210307.pom
2025-03-15 08:39:56,781 [Worker-54: Building] INFO  o.e.m.c.i.e.AbstractTransferListenerAdapter - Downloading https://repo.maven.apache.org/maven2/org/json/json/20210307/json-20210307.jar
2025-03-15 08:39:57,016 [Worker-54: Building] INFO  o.e.m.c.i.e.AbstractTransferListenerAdapter - Downloaded https://repo.maven.apache.org/maven2/org/json/json/20210307/json-20210307.jar
2025-03-15 08:39:57,291 [Worker-54: Building] WARN  o.a.m.s.f.DefaultMavenResourcesFiltering - Using platform encoding (Cp1258 actually) to copy filtered resources, i.e. build is platform dependent!
2025-03-15 08:39:57,292 [Worker-54: Building] INFO  o.a.m.s.f.DefaultMavenResourcesFiltering - skip non existing resourceDirectory D:\21024081_NguyenThanhDinh_TH_KTPM\TH_KTPM_BUOI2\Bai3_Buoi3\src\main\resources
2025-03-15 08:39:57,297 [Worker-54: Building] WARN  o.a.m.s.f.DefaultMavenResourcesFiltering - Using platform encoding (Cp1258 actually) to copy filtered resources, i.e. build is platform dependent!
2025-03-15 08:39:57,298 [Worker-54: Building] INFO  o.a.m.s.f.DefaultMavenResourcesFiltering - skip non existing resourceDirectory D:\21024081_NguyenThanhDinh_TH_KTPM\TH_KTPM_BUOI2\Bai3_Buoi3\src\test\resources
2025-03-15 08:39:58,718 [Worker-53: Download sources and javadoc] INFO  o.e.m.c.i.e.AbstractTransferListenerAdapter - Downloading https://repo.maven.apache.org/maven2/org/json/json/20210307/json-20210307-sources.jar
2025-03-15 08:39:58,720 [Worker-62: Building] WARN  o.a.m.s.f.DefaultMavenResourcesFiltering - Using platform encoding (Cp1258 actually) to copy filtered resources, i.e. build is platform dependent!
2025-03-15 08:39:58,721 [Worker-62: Building] INFO  o.a.m.s.f.DefaultMavenResourcesFiltering - skip non existing resourceDirectory D:\21024081_NguyenThanhDinh_TH_KTPM\TH_KTPM_BUOI2\Bai3_Buoi3\src\main\resources
2025-03-15 08:39:58,727 [Worker-62: Building] WARN  o.a.m.s.f.DefaultMavenResourcesFiltering - Using platform encoding (Cp1258 actually) to copy filtered resources, i.e. build is platform dependent!
2025-03-15 08:39:58,728 [Worker-62: Building] INFO  o.a.m.s.f.DefaultMavenResourcesFiltering - skip non existing resourceDirectory D:\21024081_NguyenThanhDinh_TH_KTPM\TH_KTPM_BUOI2\Bai3_Buoi3\src\test\resources
2025-03-15 08:40:00,688 [Worker-53: Download sources and javadoc] INFO  o.e.m.c.i.e.AbstractTransferListenerAdapter - Downloaded https://repo.maven.apache.org/maven2/org/json/json/20210307/json-20210307-sources.jar
2025-03-15 08:40:00,697 [Worker-53: Download sources and javadoc] INFO  o.e.m.j.internal.DownloadSourcesJob - Downloaded sources for org.json:json:20210307
2025-03-15 08:40:50,588 [Worker-63: Updating Maven Project] INFO  o.e.m.c.i.p.ProjectConfigurationManager - Update started
2025-03-15 08:40:51,158 [Worker-63: Updating Maven Project] INFO  o.e.m.c.i.l.LifecycleMappingFactory - Using org.eclipse.m2e.jdt.JarLifecycleMapping lifecycle mapping for MavenProject: Bai3_Buoi3:Bai3_Buoi3:0.0.1-SNAPSHOT @ D:\21024081_NguyenThanhDinh_TH_KTPM\TH_KTPM_BUOI2\Bai3_Buoi3\pom.xml.
2025-03-15 08:40:51,402 [Worker-63: Updating Maven Project] INFO  o.e.m.j.i.AbstractJavaProjectConfigurator - Adding source folder /Bai3_Buoi3/src
2025-03-15 08:40:51,404 [Worker-63: Updating Maven Project] INFO  o.e.m.j.i.AbstractJavaProjectConfigurator - Resources folder /Bai3_Buoi3/src/main/resources overlaps with sources folder /Bai3_Buoi3/src
2025-03-15 08:40:51,404 [Worker-63: Updating Maven Project] INFO  o.e.m.j.i.AbstractJavaProjectConfigurator - Not adding source folder /Bai3_Buoi3/src/test/java because it overlaps with /Bai3_Buoi3/src
2025-03-15 08:40:51,405 [Worker-63: Updating Maven Project] INFO  o.e.m.j.i.AbstractJavaProjectConfigurator - Resources folder /Bai3_Buoi3/src/test/resources overlaps with sources folder /Bai3_Buoi3/src
2025-03-15 08:40:51,482 [Worker-63: Updating Maven Project] INFO  o.e.m.c.i.p.ProjectConfigurationManager - Update completed for 1 poms: local refresh takes 0.00 sec, refresh facades takes 0.00 sec, update config takes 0.00 sec 
2025-03-15 08:40:51,630 [Worker-61: Building] WARN  o.a.m.s.f.DefaultMavenResourcesFiltering - Using platform encoding (Cp1258 actually) to copy filtered resources, i.e. build is platform dependent!
2025-03-15 08:40:51,631 [Worker-61: Building] INFO  o.a.m.s.f.DefaultMavenResourcesFiltering - skip non existing resourceDirectory D:\21024081_NguyenThanhDinh_TH_KTPM\TH_KTPM_BUOI2\Bai3_Buoi3\src\main\resources
2025-03-15 08:40:51,636 [Worker-61: Building] WARN  o.a.m.s.f.DefaultMavenResourcesFiltering - Using platform encoding (Cp1258 actually) to copy filtered resources, i.e. build is platform dependent!
2025-03-15 08:40:51,637 [Worker-61: Building] INFO  o.a.m.s.f.DefaultMavenResourcesFiltering - skip non existing resourceDirectory D:\21024081_NguyenThanhDinh_TH_KTPM\TH_KTPM_BUOI2\Bai3_Buoi3\src\test\resources
2025-03-15 08:41:11,753 [Worker-63: Building] WARN  o.a.m.s.f.DefaultMavenResourcesFiltering - Using platform encoding (Cp1258 actually) to copy filtered resources, i.e. build is platform dependent!
2025-03-15 08:41:11,754 [Worker-63: Building] INFO  o.a.m.s.f.DefaultMavenResourcesFiltering - skip non existing resourceDirectory D:\21024081_NguyenThanhDinh_TH_KTPM\TH_KTPM_BUOI2\Bai3_Buoi3\src\main\resources
2025-03-15 08:41:11,756 [Worker-63: Building] WARN  o.a.m.s.f.DefaultMavenResourcesFiltering - Using platform encoding (Cp1258 actually) to copy filtered resources, i.e. build is platform dependent!
2025-03-15 08:41:11,757 [Worker-63: Building] INFO  o.a.m.s.f.DefaultMavenResourcesFiltering - skip non existing resourceDirectory D:\21024081_NguyenThanhDinh_TH_KTPM\TH_KTPM_BUOI2\Bai3_Buoi3\src\test\resources
